SimpleDht/app/build/outputs/logs/manifest-merger-debug-report.txt
-- Merging decision tree log ---
manifest
ADDED from src/main/AndroidManifest.xml:2:1-35:12
INJECTED from src/main/AndroidManifest.xml:2:1-35:12
INJECTED from src/main/AndroidManifest.xml:2:1-35:12
INJECTED from src/main/AndroidManifest.xml:2:1-35:12
INJECTED from src/main/AndroidManifest.xml:2:1-35:12
INJECTED from src/main/AndroidManifest.xml:2:1-35:12
INJECTED from src/main/AndroidManifest.xml:2:1-35:12
	package
		ADDED from src/main/AndroidManifest.xml:3:5-50
		INJECTED from src/main/AndroidManifest.xml
		INJECTED from src/main/AndroidManifest.xml
	android:versionName
		ADDED from src/main/AndroidManifest.xml:5:5-30
		INJECTED from src/main/AndroidManifest.xml
		INJECTED from src/main/AndroidManifest.xml
	xmlns:android
		ADDED from src/main/AndroidManifest.xml:2:11-69
	android:versionCode
		ADDED from src/main/AndroidManifest.xml:4:5-28
		INJECTED from src/main/AndroidManifest.xml
		INJECTED from src/main/AndroidManifest.xml
uses-permission#android.permission.INTERNET
ADDED from src/main/AndroidManifest.xml:7:5-66
	android:name
		ADDED from src/main/AndroidManifest.xml:7:22-64
uses-permission#android.permission.READ_PHONE_STATE
ADDED from src/main/AndroidManifest.xml:8:5-74
	android:name
		ADDED from src/main/AndroidManifest.xml:8:22-72
application
ADDED from src/main/AndroidManifest.xml:11:5-33:19
	android:label
		ADDED from src/main/AndroidManifest.xml:14:9-41
	android:icon
		ADDED from src/main/AndroidManifest.xml:13:9-45
	android:allowBackup
		ADDED from src/main/AndroidManifest.xml:12:9-35
	android:theme
		ADDED from src/main/AndroidManifest.xml:15:9-40
activity#edu.buffalo.cse.cse486586.simpledht.SimpleDhtActivity
ADDED from src/main/AndroidManifest.xml:16:9-24:20
	android:label
		ADDED from src/main/AndroidManifest.xml:18:13-45
	android:name
		ADDED from src/main/AndroidManifest.xml:17:13-81
intent-filter#action:name:android.intent.action.MAIN+category:name:android.intent.category.LAUNCHER
ADDED from src/main/AndroidManifest.xml:19:13-23:29
action#android.intent.action.MAIN
ADDED from src/main/AndroidManifest.xml:20:17-69
	android:name
		ADDED from src/main/AndroidManifest.xml:20:25-66
category#android.intent.category.LAUNCHER
ADDED from src/main/AndroidManifest.xml:22:17-77
	android:name
		ADDED from src/main/AndroidManifest.xml:22:27-74
provider#edu.buffalo.cse.cse486586.simpledht.SimpleDhtProvider
ADDED from src/main/AndroidManifest.xml:26:9-30:49
	android:grantUriPermissions
		ADDED from src/main/AndroidManifest.xml:30:13-47
	android:enabled
		ADDED from src/main/AndroidManifest.xml:28:13-35
	android:authorities
		ADDED from src/main/AndroidManifest.xml:27:13-79
	android:exported
		ADDED from src/main/AndroidManifest.xml:29:13-36
	android:name
		ADDED from src/main/AndroidManifest.xml:26:19-87
uses-sdk
INJECTED from src/main/AndroidManifest.xml reason: use-sdk injection requested
INJECTED from src/main/AndroidManifest.xml
INJECTED from src/main/AndroidManifest.xml
INJECTED from src/main/AndroidManifest.xml
INJECTED from src/main/AndroidManifest.xml
	android:targetSdkVersion
		INJECTED from src/main/AndroidManifest.xml
		ADDED from src/main/AndroidManifest.xml
		INJECTED from src/main/AndroidManifest.xml
	android:minSdkVersion
		INJECTED from src/main/AndroidManifest.xml
		ADDED from src/main/AndroidManifest.xml
		INJECTED from src/main/AndroidManifest.xml